[ 2026-05-12 16:39:31,641 ] asyncio - DEBUG - Using proactor: IocpProactor
[ 2026-05-12 16:41:28,598 ] python_multipart.multipart - DEBUG - Calling on_field_start with no data
[ 2026-05-12 16:41:28,598 ] python_multipart.multipart - DEBUG - Calling on_field_name with data[0:6]
[ 2026-05-12 16:41:28,598 ] python_multipart.multipart - DEBUG - Calling on_field_data with data[7:8]
[ 2026-05-12 16:41:28,599 ] python_multipart.multipart - DEBUG - Calling on_field_end with no data
[ 2026-05-12 16:41:28,599 ] python_multipart.multipart - DEBUG - Calling on_field_start with no data
[ 2026-05-12 16:41:28,599 ] python_multipart.multipart - DEBUG - Calling on_field_name with data[9:12]
[ 2026-05-12 16:41:28,599 ] python_multipart.multipart - DEBUG - Calling on_field_data with data[13:15]
[ 2026-05-12 16:41:28,599 ] python_multipart.multipart - DEBUG - Calling on_field_end with no data
[ 2026-05-12 16:41:28,599 ] python_multipart.multipart - DEBUG - Calling on_field_start with no data
[ 2026-05-12 16:41:28,599 ] python_multipart.multipart - DEBUG - Calling on_field_name with data[16:31]
[ 2026-05-12 16:41:28,600 ] python_multipart.multipart - DEBUG - Calling on_field_data with data[32:33]
[ 2026-05-12 16:41:28,600 ] python_multipart.multipart - DEBUG - Calling on_field_end with no data
[ 2026-05-12 16:41:28,600 ] python_multipart.multipart - DEBUG - Calling on_field_start with no data
[ 2026-05-12 16:41:28,600 ] python_multipart.multipart - DEBUG - Calling on_field_name with data[34:45]
[ 2026-05-12 16:41:28,600 ] python_multipart.multipart - DEBUG - Calling on_field_data with data[46:48]
[ 2026-05-12 16:41:28,600 ] python_multipart.multipart - DEBUG - Calling on_field_end with no data
[ 2026-05-12 16:41:28,600 ] python_multipart.multipart - DEBUG - Calling on_field_start with no data
[ 2026-05-12 16:41:28,600 ] python_multipart.multipart - DEBUG - Calling on_field_name with data[49:67]
[ 2026-05-12 16:41:28,600 ] python_multipart.multipart - DEBUG - Calling on_field_data with data[68:69]
[ 2026-05-12 16:41:28,600 ] python_multipart.multipart - DEBUG - Calling on_field_end with no data
[ 2026-05-12 16:41:28,601 ] python_multipart.multipart - DEBUG - Calling on_field_start with no data
[ 2026-05-12 16:41:28,601 ] python_multipart.multipart - DEBUG - Calling on_field_name with data[70:84]
[ 2026-05-12 16:41:28,601 ] python_multipart.multipart - DEBUG - Calling on_field_data with data[85:90]
[ 2026-05-12 16:41:28,601 ] python_multipart.multipart - DEBUG - Calling on_field_end with no data
[ 2026-05-12 16:41:28,601 ] python_multipart.multipart - DEBUG - Calling on_field_start with no data
[ 2026-05-12 16:41:28,601 ] python_multipart.multipart - DEBUG - Calling on_field_name with data[91:111]
[ 2026-05-12 16:41:28,601 ] python_multipart.multipart - DEBUG - Calling on_field_data with data[112:115]
[ 2026-05-12 16:41:28,601 ] python_multipart.multipart - DEBUG - Calling on_field_end with no data
[ 2026-05-12 16:41:28,601 ] python_multipart.multipart - DEBUG - Calling on_field_start with no data
[ 2026-05-12 16:41:28,601 ] python_multipart.multipart - DEBUG - Calling on_field_name with data[116:123]
[ 2026-05-12 16:41:28,601 ] python_multipart.multipart - DEBUG - Calling on_field_data with data[124:127]
[ 2026-05-12 16:41:28,602 ] python_multipart.multipart - DEBUG - Calling on_field_end with no data
[ 2026-05-12 16:41:28,602 ] python_multipart.multipart - DEBUG - Calling on_field_start with no data
[ 2026-05-12 16:41:28,602 ] python_multipart.multipart - DEBUG - Calling on_field_name with data[128:149]
[ 2026-05-12 16:41:28,602 ] python_multipart.multipart - DEBUG - Calling on_field_data with data[150:151]
[ 2026-05-12 16:41:28,602 ] python_multipart.multipart - DEBUG - Calling on_field_end with no data
[ 2026-05-12 16:41:28,602 ] python_multipart.multipart - DEBUG - Calling on_field_start with no data
[ 2026-05-12 16:41:28,602 ] python_multipart.multipart - DEBUG - Calling on_field_name with data[152:174]
[ 2026-05-12 16:41:28,602 ] python_multipart.multipart - DEBUG - Calling on_field_data with data[175:176]
[ 2026-05-12 16:41:28,602 ] python_multipart.multipart - DEBUG - Calling on_field_end with no data
[ 2026-05-12 16:41:28,602 ] python_multipart.multipart - DEBUG - Calling on_field_start with no data
[ 2026-05-12 16:41:28,603 ] python_multipart.multipart - DEBUG - Calling on_field_name with data[177:195]
[ 2026-05-12 16:41:28,603 ] python_multipart.multipart - DEBUG - Calling on_field_data with data[196:197]
[ 2026-05-12 16:41:28,603 ] python_multipart.multipart - DEBUG - Calling on_field_end with no data
[ 2026-05-12 16:41:28,603 ] python_multipart.multipart - DEBUG - Calling on_end with no data
[ 2026-05-12 16:41:28,603 ] root - INFO - Entered get_usvisa_data_as_dict method as VehicleData class
[ 2026-05-12 16:41:28,603 ] root - INFO - Created vehicle data dict
[ 2026-05-12 16:41:28,604 ] root - INFO - Exited get_vehicle_data_as_dict method as VehicleData class
[ 2026-05-12 16:41:28,614 ] root - INFO - Entered predict method of VehicleDataClassifier class
[ 2026-05-12 16:41:28,615 ] botocore.hooks - DEBUG - Changing event name from creating-client-class.iot-data to creating-client-class.iot-data-plane
[ 2026-05-12 16:41:28,619 ] botocore.hooks - DEBUG - Changing event name from before-call.apigateway to before-call.api-gateway
[ 2026-05-12 16:41:28,620 ] botocore.hooks - DEBUG - Changing event name from request-created.machinelearning.Predict to request-created.machine-learning.Predict
[ 2026-05-12 16:41:28,621 ] botocore.hooks - DEBUG - Changing event name from before-parameter-build.autoscaling.CreateLaunchConfiguration to before-parameter-build.auto-scaling.CreateLaunchConfiguration
[ 2026-05-12 16:41:28,621 ] botocore.hooks - DEBUG - Changing event name from before-parameter-build.route53 to before-parameter-build.route-53
[ 2026-05-12 16:41:28,622 ] botocore.hooks - DEBUG - Changing event name from request-created.cloudsearchdomain.Search to request-created.cloudsearch-domain.Search
[ 2026-05-12 16:41:28,623 ] botocore.hooks - DEBUG - Changing event name from docs.*.autoscaling.CreateLaunchConfiguration.complete-section to docs.*.auto-scaling.CreateLaunchConfiguration.complete-section
[ 2026-05-12 16:41:28,630 ] botocore.hooks - DEBUG - Changing event name from before-parameter-build.logs.CreateExportTask to before-parameter-build.cloudwatch-logs.CreateExportTask
[ 2026-05-12 16:41:28,631 ] botocore.hooks - DEBUG - Changing event name from docs.*.logs.CreateExportTask.complete-section to docs.*.cloudwatch-logs.CreateExportTask.complete-section
[ 2026-05-12 16:41:28,632 ] botocore.hooks - DEBUG - Changing event name from before-parameter-build.cloudsearchdomain.Search to before-parameter-build.cloudsearch-domain.Search
[ 2026-05-12 16:41:28,632 ] botocore.hooks - DEBUG - Changing event name from docs.*.cloudsearchdomain.Search.complete-section to docs.*.cloudsearch-domain.Search.complete-section
[ 2026-05-12 16:41:28,721 ] botocore.loaders - DEBUG - Loading JSON file: D:\mlops\project\own\virt\Lib\site-packages\boto3\data\s3\2006-03-01\resources-1.json
[ 2026-05-12 16:41:28,729 ] botocore.loaders - DEBUG - Loading JSON file: D:\mlops\project\own\virt\Lib\site-packages\botocore\data\endpoints.json
[ 2026-05-12 16:41:28,762 ] botocore.loaders - DEBUG - Loading JSON file: D:\mlops\project\own\virt\Lib\site-packages\botocore\data\sdk-default-configuration.json
[ 2026-05-12 16:41:28,763 ] botocore.hooks - DEBUG - Event choose-service-name: calling handler <function handle_service_name_alias at 0x0000022E90F619E0>
[ 2026-05-12 16:41:28,857 ] botocore.loaders - DEBUG - Loading JSON file: D:\mlops\project\own\virt\Lib\site-packages\botocore\data\s3\2006-03-01\service-2.json.gz
[ 2026-05-12 16:41:28,875 ] botocore.loaders - DEBUG - Loading JSON file: D:\mlops\project\own\virt\Lib\site-packages\botocore\data\s3\2006-03-01\service-2.sdk-extras.json
[ 2026-05-12 16:41:28,960 ] botocore.loaders - DEBUG - Loading JSON file: D:\mlops\project\own\virt\Lib\site-packages\botocore\data\s3\2006-03-01\endpoint-rule-set-1.json.gz
[ 2026-05-12 16:41:28,982 ] botocore.loaders - DEBUG - Loading JSON file: D:\mlops\project\own\virt\Lib\site-packages\botocore\data\partitions.json
[ 2026-05-12 16:41:28,985 ] botocore.hooks - DEBUG - Event creating-client-class.s3: calling handler <function add_generate_presigned_post at 0x0000022E90EF3740>
[ 2026-05-12 16:41:28,985 ] botocore.hooks - DEBUG - Event creating-client-class.s3: calling handler <function lazy_call.<locals>._handler at 0x0000022EA55F8E00>
[ 2026-05-12 16:41:28,987 ] botocore.hooks - DEBUG - Event creating-client-class.s3: calling handler <function add_generate_presigned_url at 0x0000022E90EF34C0>
[ 2026-05-12 16:41:28,989 ] botocore.configprovider - DEBUG - Looking for endpoint for s3 via: environment_service
[ 2026-05-12 16:41:28,989 ] botocore.configprovider - DEBUG - Looking for endpoint for s3 via: environment_global
[ 2026-05-12 16:41:28,989 ] botocore.configprovider - DEBUG - Looking for endpoint for s3 via: config_service
[ 2026-05-12 16:41:28,989 ] botocore.configprovider - DEBUG - Looking for endpoint for s3 via: config_global
[ 2026-05-12 16:41:28,990 ] botocore.configprovider - DEBUG - No configured endpoint found.
[ 2026-05-12 16:41:28,993 ] botocore.endpoint - DEBUG - Setting s3 timeout as (60, 60)
[ 2026-05-12 16:41:29,019 ] botocore.loaders - DEBUG - Loading JSON file: D:\mlops\project\own\virt\Lib\site-packages\botocore\data\_retry.json
[ 2026-05-12 16:41:29,019 ] botocore.client - DEBUG - Registering retry handlers for service: s3
[ 2026-05-12 16:41:29,020 ] botocore.utils - DEBUG - Registering S3 region redirector handler
[ 2026-05-12 16:41:29,020 ] botocore.utils - DEBUG - Registering S3Express Identity Resolver
[ 2026-05-12 16:41:29,021 ] boto3.resources.factory - DEBUG - Loading s3:s3
[ 2026-05-12 16:41:29,022 ] botocore.hooks - DEBUG - Event choose-service-name: calling handler <function handle_service_name_alias at 0x0000022E90F619E0>
[ 2026-05-12 16:41:29,025 ] botocore.hooks - DEBUG - Event creating-client-class.s3: calling handler <function add_generate_presigned_post at 0x0000022E90EF3740>
[ 2026-05-12 16:41:29,025 ] botocore.hooks - DEBUG - Event creating-client-class.s3: calling handler <function lazy_call.<locals>._handler at 0x0000022EA55F8E00>
[ 2026-05-12 16:41:29,025 ] botocore.hooks - DEBUG - Event creating-client-class.s3: calling handler <function add_generate_presigned_url at 0x0000022E90EF34C0>
[ 2026-05-12 16:41:29,026 ] botocore.configprovider - DEBUG - Looking for endpoint for s3 via: environment_service
[ 2026-05-12 16:41:29,026 ] botocore.configprovider - DEBUG - Looking for endpoint for s3 via: environment_global
[ 2026-05-12 16:41:29,026 ] botocore.configprovider - DEBUG - Looking for endpoint for s3 via: config_service
[ 2026-05-12 16:41:29,026 ] botocore.configprovider - DEBUG - Looking for endpoint for s3 via: config_global
[ 2026-05-12 16:41:29,026 ] botocore.configprovider - DEBUG - No configured endpoint found.
[ 2026-05-12 16:41:29,029 ] botocore.endpoint - DEBUG - Setting s3 timeout as (60, 60)
[ 2026-05-12 16:41:29,033 ] botocore.client - DEBUG - Registering retry handlers for service: s3
[ 2026-05-12 16:41:29,034 ] botocore.utils - DEBUG - Registering S3 region redirector handler
[ 2026-05-12 16:41:29,034 ] botocore.utils - DEBUG - Registering S3Express Identity Resolver
[ 2026-05-12 16:41:29,035 ] root - INFO - Entered the get_file_object method of SimpleStorageService class
[ 2026-05-12 16:41:29,035 ] root - INFO - Entered the get_bucket method of SimpleStorageService class
[ 2026-05-12 16:41:29,035 ] boto3.resources.factory - DEBUG - Loading s3:Bucket
[ 2026-05-12 16:41:29,036 ] boto3.resources.model - DEBUG - Renaming Bucket attribute name
[ 2026-05-12 16:41:29,037 ] botocore.hooks - DEBUG - Event creating-resource-class.s3.Bucket: calling handler <function lazy_call.<locals>._handler at 0x0000022EA55F96C0>
[ 2026-05-12 16:41:29,037 ] root - INFO - Exited the get_bucket method of SimpleStorageService class
[ 2026-05-12 16:41:29,107 ] botocore.loaders - DEBUG - Loading JSON file: D:\mlops\project\own\virt\Lib\site-packages\botocore\data\s3\2006-03-01\paginators-1.json
[ 2026-05-12 16:41:29,110 ] botocore.loaders - DEBUG - Loading JSON file: D:\mlops\project\own\virt\Lib\site-packages\botocore\data\s3\2006-03-01\paginators-1.sdk-extras.json
[ 2026-05-12 16:41:29,110 ] boto3.resources.collection - DEBUG - Calling paginated s3:list_objects with {'Bucket': 'my-model-mlopsproj-one', 'Prefix': 'model.pkl'}
[ 2026-05-12 16:41:29,111 ] botocore.hooks - DEBUG - Event before-parameter-build.s3.ListObjects: calling handler <function set_list_objects_encoding_type_url at 0x0000022E90F90CC0>
[ 2026-05-12 16:41:29,111 ] botocore.hooks - DEBUG - Event before-parameter-build.s3.ListObjects: calling handler <function validate_bucket_name at 0x0000022E90F637E0>
[ 2026-05-12 16:41:29,111 ] botocore.hooks - DEBUG - Event before-parameter-build.s3.ListObjects: calling handler <function remove_bucket_from_url_paths_from_model at 0x0000022E90F91C60>
[ 2026-05-12 16:41:29,111 ] botocore.hooks - DEBUG - Event before-parameter-build.s3.ListObjects: calling handler <bound method S3RegionRedirectorv2.annotate_request_context of <botocore.utils.S3RegionRedirectorv2 object at 0x0000022EA5540740>>
[ 2026-05-12 16:41:29,111 ] botocore.hooks - DEBUG - Event before-parameter-build.s3.ListObjects: calling handler <bound method ClientCreator._inject_s3_input_parameters of <botocore.client.ClientCreator object at 0x0000022EA5DDFDD0>>
[ 2026-05-12 16:41:29,111 ] botocore.hooks - DEBUG - Event before-parameter-build.s3.ListObjects: calling handler <function generate_idempotent_uuid at 0x0000022E90F63600>
[ 2026-05-12 16:41:29,111 ] botocore.hooks - DEBUG - Event before-parameter-build.s3.ListObjects: calling handler <function _handle_request_validation_mode_member at 0x0000022E90F923E0>
[ 2026-05-12 16:41:29,111 ] botocore.hooks - DEBUG - Event before-endpoint-resolution.s3: calling handler <function customize_endpoint_resolver_builtins at 0x0000022E90F91E40>
[ 2026-05-12 16:41:29,112 ] botocore.hooks - DEBUG - Event before-endpoint-resolution.s3: calling handler <bound method S3RegionRedirectorv2.redirect_from_cache of <botocore.utils.S3RegionRedirectorv2 object at 0x0000022EA5540740>>
[ 2026-05-12 16:41:29,112 ] botocore.regions - DEBUG - Calling endpoint provider with parameters: {'Bucket': 'my-model-mlopsproj-one', 'Region': 'us-east-1', 'UseFIPS': False, 'UseDualStack': False, 'ForcePathStyle': False, 'Accelerate': False, 'UseGlobalEndpoint': True, 'Prefix': 'model.pkl', 'DisableMultiRegionAccessPoints': False, 'UseArnRegion': True, 'DisableS3ExpressSessionAuth': False}
[ 2026-05-12 16:41:29,112 ] botocore.regions - DEBUG - Endpoint provider result: https://my-model-mlopsproj-one.s3.amazonaws.com
[ 2026-05-12 16:41:29,113 ] botocore.regions - DEBUG - Selecting from endpoint provider's list of auth schemes: "sigv4". User selected auth scheme is: "None"
[ 2026-05-12 16:41:29,113 ] botocore.regions - DEBUG - Selected auth type "v4" as "v4" with signing context params: {'region': 'us-east-1', 'signing_name': 's3', 'disableDoubleEncoding': True}
[ 2026-05-12 16:41:29,113 ] botocore.hooks - DEBUG - Event before-call.s3.ListObjects: calling handler <function add_expect_header at 0x0000022E90F63BA0>
[ 2026-05-12 16:41:29,113 ] botocore.hooks - DEBUG - Event before-call.s3.ListObjects: calling handler <bound method S3ExpressIdentityResolver.apply_signing_cache_key of <botocore.utils.S3ExpressIdentityResolver object at 0x0000022EA501DAF0>>
[ 2026-05-12 16:41:29,113 ] botocore.hooks - DEBUG - Event before-call.s3.ListObjects: calling handler <function add_recursion_detection_header at 0x0000022E90F623E0>
[ 2026-05-12 16:41:29,115 ] botocore.hooks - DEBUG - Event before-call.s3.ListObjects: calling handler <function inject_api_version_header_if_needed at 0x0000022E90F91120>
[ 2026-05-12 16:41:29,115 ] botocore.endpoint - DEBUG - Making request for OperationModel(name=ListObjects) with params: {'url_path': '', 'query_string': {'prefix': 'model.pkl', 'encoding-type': 'url'}, 'method': 'GET', 'headers': {'User-Agent': 'Boto3/1.42.93 md/Botocore#1.42.93 ua/2.1 os/windows#10 md/arch#amd64 lang/python#3.12.10 md/pyimpl#CPython m/e,D,C,Z,b cfg/retry-mode#legacy Botocore/1.42.93 Resource'}, 'body': b'', 'auth_path': '/my-model-mlopsproj-one/', 'url': 'https://my-model-mlopsproj-one.s3.amazonaws.com/?prefix=model.pkl&encoding-type=url', 'context': {'client_region': 'us-east-1', 'client_config': <botocore.config.Config object at 0x0000022EA7119640>, 'has_streaming_input': False, 'auth_type': 'v4', 'unsigned_payload': None, 'auth_options': ['aws.auth#sigv4'], 'encoding_type_auto_set': True, 's3_redirect': {'redirected': False, 'bucket': 'my-model-mlopsproj-one', 'params': {'Bucket': 'my-model-mlopsproj-one', 'Prefix': 'model.pkl', 'EncodingType': 'url'}}, 'input_params': {'Bucket': 'my-model-mlopsproj-one', 'Prefix': 'model.pkl'}, 'signing': {'region': 'us-east-1', 'signing_name': 's3', 'disableDoubleEncoding': True}, 'endpoint_properties': {'authSchemes': [{'disableDoubleEncoding': True, 'name': 'sigv4', 'signingName': 's3', 'signingRegion': 'us-east-1'}]}}}
[ 2026-05-12 16:41:29,115 ] botocore.hooks - DEBUG - Event request-created.s3.ListObjects: calling handler <bound method RequestSigner.handler of <botocore.signers.RequestSigner object at 0x0000022EA5EC52B0>>
[ 2026-05-12 16:41:29,115 ] botocore.hooks - DEBUG - Event choose-signer.s3.ListObjects: calling handler <bound method ClientCreator._default_s3_presign_to_sigv2 of <botocore.client.ClientCreator object at 0x0000022EA5DDFDD0>>
[ 2026-05-12 16:41:29,115 ] botocore.hooks - DEBUG - Event choose-signer.s3.ListObjects: calling handler <function set_operation_specific_signer at 0x0000022E90F632E0>
[ 2026-05-12 16:41:29,115 ] botocore.hooks - DEBUG - Event before-sign.s3.ListObjects: calling handler <function remove_arn_from_signing_path at 0x0000022E90F91DA0>
[ 2026-05-12 16:41:29,115 ] botocore.hooks - DEBUG - Event before-sign.s3.ListObjects: calling handler <function _set_extra_headers_for_unsigned_request at 0x0000022E90F92480>
[ 2026-05-12 16:41:29,115 ] botocore.hooks - DEBUG - Event before-sign.s3.ListObjects: calling handler <bound method S3ExpressIdentityResolver.resolve_s3express_identity of <botocore.utils.S3ExpressIdentityResolver object at 0x0000022EA501DAF0>>
[ 2026-05-12 16:41:29,116 ] botocore.auth - DEBUG - Calculating signature using v4 auth.
[ 2026-05-12 16:41:29,116 ] botocore.auth - DEBUG - CanonicalRequest:
GET
/
encoding-type=url&prefix=model.pkl
host:my-model-mlopsproj-one.s3.amazonaws.com
x-amz-content-sha256:e3b0c44298fc1c149afbf4c8996fb92427ae41e4649b934ca495991b7852b855
x-amz-date:20260512T111129Z

host;x-amz-content-sha256;x-amz-date
e3b0c44298fc1c149afbf4c8996fb92427ae41e4649b934ca495991b7852b855
[ 2026-05-12 16:41:29,117 ] botocore.auth - DEBUG - StringToSign:
AWS4-HMAC-SHA256
20260512T111129Z
20260512/us-east-1/s3/aws4_request
060d5d416da1538c47a1e4d3d905d9a449db2eff4cb338e6c5397523aac5773a
[ 2026-05-12 16:41:29,117 ] botocore.auth - DEBUG - Signature:
570bc826be908b655673837367e357bdc1dec405c64c7d9a07f6ba27d2f2012b
[ 2026-05-12 16:41:29,118 ] botocore.hooks - DEBUG - Event request-created.s3.ListObjects: calling handler <bound method UserAgentString.rebuild_and_replace_user_agent_handler of <botocore.useragent.UserAgentString object at 0x0000022EA71522D0>>
[ 2026-05-12 16:41:29,118 ] botocore.hooks - DEBUG - Event request-created.s3.ListObjects: calling handler <function add_retry_headers at 0x0000022E90F91BC0>
[ 2026-05-12 16:41:29,118 ] botocore.endpoint - DEBUG - Sending http request: <AWSPreparedRequest stream_output=False, method=GET, url=https://my-model-mlopsproj-one.s3.amazonaws.com/?prefix=model.pkl&encoding-type=url, headers={'User-Agent': b'Boto3/1.42.93 md/Botocore#1.42.93 ua/2.1 os/windows#10 md/arch#amd64 lang/python#3.12.10 md/pyimpl#CPython m/e,D,C,Z,b cfg/retry-mode#legacy Botocore/1.42.93 Resource', 'X-Amz-Date': b'20260512T111129Z', 'X-Amz-Content-SHA256': b'e3b0c44298fc1c149afbf4c8996fb92427ae41e4649b934ca495991b7852b855', 'Authorization': b'AWS4-HMAC-SHA256 Credential=AKIA55GUVE36LINGC5RB/20260512/us-east-1/s3/aws4_request, SignedHeaders=host;x-amz-content-sha256;x-amz-date, Signature=570bc826be908b655673837367e357bdc1dec405c64c7d9a07f6ba27d2f2012b', 'amz-sdk-invocation-id': b'8f6ec599-7e7f-4e5a-9dcb-b80f9821dd4c', 'amz-sdk-request': b'attempt=1'}>
[ 2026-05-12 16:41:29,119 ] botocore.httpsession - DEBUG - Certificate path: D:\mlops\project\own\virt\Lib\site-packages\certifi\cacert.pem
[ 2026-05-12 16:41:29,120 ] urllib3.connectionpool - DEBUG - Starting new HTTPS connection (1): my-model-mlopsproj-one.s3.amazonaws.com:443
[ 2026-05-12 16:41:31,858 ] urllib3.connectionpool - DEBUG - https://my-model-mlopsproj-one.s3.amazonaws.com:443 "GET /?prefix=model.pkl&encoding-type=url HTTP/1.1" 200 None
[ 2026-05-12 16:41:31,859 ] botocore.hooks - DEBUG - Event before-parse.s3.ListObjects: calling handler <function _handle_200_error at 0x0000022E90F92160>
[ 2026-05-12 16:41:31,862 ] botocore.hooks - DEBUG - Event before-parse.s3.ListObjects: calling handler <function handle_expires_header at 0x0000022E90F91F80>
[ 2026-05-12 16:41:31,863 ] botocore.parsers - DEBUG - Response headers: {'x-amz-id-2': 'n4wpmRNVopscBBVjlrECX8DaNbfvgTZME/UTn8V4JDet/U6BxBMCmp2Ijje3NSBAFYcvEXE5QJA=', 'x-amz-request-id': 'J9GMEFJ58EPGEBXK', 'Date': 'Tue, 12 May 2026 11:11:32 GMT', 'x-amz-bucket-region': 'us-east-1', 'Content-Type': 'application/xml', 'Transfer-Encoding': 'chunked', 'Server': 'AmazonS3'}
[ 2026-05-12 16:41:31,863 ] botocore.parsers - DEBUG - Response body:
b'<?xml version="1.0" encoding="UTF-8"?>\n<ListBucketResult xmlns="http://s3.amazonaws.com/doc/2006-03-01/"><Name>my-model-mlopsproj-one</Name><Prefix>model.pkl</Prefix><Marker></Marker><MaxKeys>1000</MaxKeys><EncodingType>url</EncodingType><IsTruncated>false</IsTruncated><Contents><Key>model.pkl</Key><LastModified>2026-05-12T10:44:37.000Z</LastModified><ETag>&quot;fd1916d416772a83045ae4b2031b7c52-2&quot;</ETag><ChecksumAlgorithm>CRC32</ChecksumAlgorithm><ChecksumType>COMPOSITE</ChecksumType><Size>9343394</Size><Owner><ID>99bff5a50987dc398ab991f7ab0e587cafedcfe1dec645846c625238fd8ee59a</ID></Owner><StorageClass>STANDARD</StorageClass></Contents></ListBucketResult>'
[ 2026-05-12 16:41:31,866 ] botocore.hooks - DEBUG - Event needs-retry.s3.ListObjects: calling handler <function _update_status_code at 0x0000022E90F92340>
[ 2026-05-12 16:41:31,866 ] botocore.hooks - DEBUG - Event needs-retry.s3.ListObjects: calling handler <botocore.retryhandler.RetryHandler object at 0x0000022EA7153110>
[ 2026-05-12 16:41:31,866 ] botocore.retryhandler - DEBUG - No retry needed.
[ 2026-05-12 16:41:31,866 ] botocore.hooks - DEBUG - Event needs-retry.s3.ListObjects: calling handler <bound method S3RegionRedirectorv2.redirect_from_error of <botocore.utils.S3RegionRedirectorv2 object at 0x0000022EA5540740>>
[ 2026-05-12 16:41:31,868 ] botocore.hooks - DEBUG - Event after-call.s3.ListObjects: calling handler <function decode_list_object at 0x0000022E90F90D60>
[ 2026-05-12 16:41:31,868 ] boto3.resources.factory - DEBUG - Loading s3:ObjectSummary
[ 2026-05-12 16:41:31,868 ] boto3.resources.model - DEBUG - Renaming ObjectSummary attribute key
[ 2026-05-12 16:41:31,869 ] botocore.hooks - DEBUG - Event creating-resource-class.s3.ObjectSummary: calling handler <function lazy_call.<locals>._handler at 0x0000022EA55F9800>
[ 2026-05-12 16:41:31,869 ] root - INFO - Exited the get_file_object method of SimpleStorageService class
[ 2026-05-12 16:41:31,870 ] boto3.resources.action - DEBUG - Calling s3:get_object with {'Bucket': 'my-model-mlopsproj-one', 'Key': 'model.pkl'}
[ 2026-05-12 16:41:31,871 ] botocore.hooks - DEBUG - Event before-parameter-build.s3.GetObject: calling handler <function sse_md5 at 0x0000022E90F63880>
[ 2026-05-12 16:41:31,871 ] botocore.hooks - DEBUG - Event before-parameter-build.s3.GetObject: calling handler <function validate_bucket_name at 0x0000022E90F637E0>
[ 2026-05-12 16:41:31,871 ] botocore.hooks - DEBUG - Event before-parameter-build.s3.GetObject: calling handler <function remove_bucket_from_url_paths_from_model at 0x0000022E90F91C60>
[ 2026-05-12 16:41:31,871 ] botocore.hooks - DEBUG - Event before-parameter-build.s3.GetObject: calling handler <bound method S3RegionRedirectorv2.annotate_request_context of <botocore.utils.S3RegionRedirectorv2 object at 0x0000022EA5540740>>
[ 2026-05-12 16:41:31,871 ] botocore.hooks - DEBUG - Event before-parameter-build.s3.GetObject: calling handler <bound method ClientCreator._inject_s3_input_parameters of <botocore.client.ClientCreator object at 0x0000022EA5DDFDD0>>
[ 2026-05-12 16:41:31,871 ] botocore.hooks - DEBUG - Event before-parameter-build.s3.GetObject: calling handler <function generate_idempotent_uuid at 0x0000022E90F63600>
[ 2026-05-12 16:41:31,872 ] botocore.hooks - DEBUG - Event before-parameter-build.s3.GetObject: calling handler <function _handle_request_validation_mode_member at 0x0000022E90F923E0>
[ 2026-05-12 16:41:31,872 ] botocore.hooks - DEBUG - Event before-endpoint-resolution.s3: calling handler <function customize_endpoint_resolver_builtins at 0x0000022E90F91E40>
[ 2026-05-12 16:41:31,872 ] botocore.hooks - DEBUG - Event before-endpoint-resolution.s3: calling handler <bound method S3RegionRedirectorv2.redirect_from_cache of <botocore.utils.S3RegionRedirectorv2 object at 0x0000022EA5540740>>
[ 2026-05-12 16:41:31,872 ] botocore.regions - DEBUG - Calling endpoint provider with parameters: {'Bucket': 'my-model-mlopsproj-one', 'Region': 'us-east-1', 'UseFIPS': False, 'UseDualStack': False, 'ForcePathStyle': False, 'Accelerate': False, 'UseGlobalEndpoint': True, 'Key': 'model.pkl', 'DisableMultiRegionAccessPoints': False, 'UseArnRegion': True, 'DisableS3ExpressSessionAuth': False}
[ 2026-05-12 16:41:31,873 ] botocore.regions - DEBUG - Endpoint provider result: https://my-model-mlopsproj-one.s3.amazonaws.com
[ 2026-05-12 16:41:31,874 ] botocore.regions - DEBUG - Selecting from endpoint provider's list of auth schemes: "sigv4". User selected auth scheme is: "None"
[ 2026-05-12 16:41:31,874 ] botocore.regions - DEBUG - Selected auth type "v4" as "v4" with signing context params: {'region': 'us-east-1', 'signing_name': 's3', 'disableDoubleEncoding': True}
[ 2026-05-12 16:41:31,875 ] botocore.hooks - DEBUG - Event before-call.s3.GetObject: calling handler <function add_expect_header at 0x0000022E90F63BA0>
[ 2026-05-12 16:41:31,875 ] botocore.hooks - DEBUG - Event before-call.s3.GetObject: calling handler <bound method S3ExpressIdentityResolver.apply_signing_cache_key of <botocore.utils.S3ExpressIdentityResolver object at 0x0000022EA501DAF0>>
[ 2026-05-12 16:41:31,875 ] botocore.hooks - DEBUG - Event before-call.s3.GetObject: calling handler <function add_recursion_detection_header at 0x0000022E90F623E0>
[ 2026-05-12 16:41:31,876 ] botocore.hooks - DEBUG - Event before-call.s3.GetObject: calling handler <function inject_api_version_header_if_needed at 0x0000022E90F91120>
[ 2026-05-12 16:41:31,876 ] botocore.endpoint - DEBUG - Making request for OperationModel(name=GetObject) with params: {'url_path': '/model.pkl', 'query_string': {}, 'method': 'GET', 'headers': {'x-amz-checksum-mode': 'ENABLED', 'User-Agent': 'Boto3/1.42.93 md/Botocore#1.42.93 ua/2.1 os/windows#10 md/arch#amd64 lang/python#3.12.10 md/pyimpl#CPython m/e,D,b,Z cfg/retry-mode#legacy Botocore/1.42.93 Resource'}, 'body': b'', 'auth_path': '/my-model-mlopsproj-one/model.pkl', 'url': 'https://my-model-mlopsproj-one.s3.amazonaws.com/model.pkl', 'context': {'client_region': 'us-east-1', 'client_config': <botocore.config.Config object at 0x0000022EA7119640>, 'has_streaming_input': False, 'auth_type': 'v4', 'unsigned_payload': None, 'auth_options': ['aws.auth#sigv4'], 's3_redirect': {'redirected': False, 'bucket': 'my-model-mlopsproj-one', 'params': {'Bucket': 'my-model-mlopsproj-one', 'Key': 'model.pkl', 'ChecksumMode': 'ENABLED'}}, 'input_params': {'Bucket': 'my-model-mlopsproj-one', 'Key': 'model.pkl'}, 'signing': {'region': 'us-east-1', 'signing_name': 's3', 'disableDoubleEncoding': True}, 'endpoint_properties': {'authSchemes': [{'disableDoubleEncoding': True, 'name': 'sigv4', 'signingName': 's3', 'signingRegion': 'us-east-1'}]}, 'checksum': {'response_algorithms': ['crc32', 'sha1', 'sha256']}}}
[ 2026-05-12 16:41:31,877 ] botocore.hooks - DEBUG - Event request-created.s3.GetObject: calling handler <bound method RequestSigner.handler of <botocore.signers.RequestSigner object at 0x0000022EA5EC52B0>>
[ 2026-05-12 16:41:31,877 ] botocore.hooks - DEBUG - Event choose-signer.s3.GetObject: calling handler <bound method ClientCreator._default_s3_presign_to_sigv2 of <botocore.client.ClientCreator object at 0x0000022EA5DDFDD0>>
[ 2026-05-12 16:41:31,877 ] botocore.hooks - DEBUG - Event choose-signer.s3.GetObject: calling handler <function set_operation_specific_signer at 0x0000022E90F632E0>
[ 2026-05-12 16:41:31,878 ] botocore.hooks - DEBUG - Event before-sign.s3.GetObject: calling handler <function remove_arn_from_signing_path at 0x0000022E90F91DA0>
[ 2026-05-12 16:41:31,878 ] botocore.hooks - DEBUG - Event before-sign.s3.GetObject: calling handler <function _set_extra_headers_for_unsigned_request at 0x0000022E90F92480>
[ 2026-05-12 16:41:31,879 ] botocore.hooks - DEBUG - Event before-sign.s3.GetObject: calling handler <bound method S3ExpressIdentityResolver.resolve_s3express_identity of <botocore.utils.S3ExpressIdentityResolver object at 0x0000022EA501DAF0>>
[ 2026-05-12 16:41:31,879 ] botocore.auth - DEBUG - Calculating signature using v4 auth.
[ 2026-05-12 16:41:31,879 ] botocore.auth - DEBUG - CanonicalRequest:
GET
/model.pkl

host:my-model-mlopsproj-one.s3.amazonaws.com
x-amz-checksum-mode:ENABLED
x-amz-content-sha256:e3b0c44298fc1c149afbf4c8996fb92427ae41e4649b934ca495991b7852b855
x-amz-date:20260512T111131Z

host;x-amz-checksum-mode;x-amz-content-sha256;x-amz-date
e3b0c44298fc1c149afbf4c8996fb92427ae41e4649b934ca495991b7852b855
[ 2026-05-12 16:41:31,879 ] botocore.auth - DEBUG - StringToSign:
AWS4-HMAC-SHA256
20260512T111131Z
20260512/us-east-1/s3/aws4_request
fffe52589fd243bad1437c74b142a1d52aac19dda1b73c743acc25410fa7a4aa
[ 2026-05-12 16:41:31,880 ] botocore.auth - DEBUG - Signature:
a64e29eaeba02072f4e789ee51f04650867f68a490830f9204f62bca1dfeb722
[ 2026-05-12 16:41:31,880 ] botocore.hooks - DEBUG - Event request-created.s3.GetObject: calling handler <bound method UserAgentString.rebuild_and_replace_user_agent_handler of <botocore.useragent.UserAgentString object at 0x0000022EA71522D0>>
[ 2026-05-12 16:41:31,880 ] botocore.hooks - DEBUG - Event request-created.s3.GetObject: calling handler <function add_retry_headers at 0x0000022E90F91BC0>
[ 2026-05-12 16:41:31,881 ] botocore.endpoint - DEBUG - Sending http request: <AWSPreparedRequest stream_output=True, method=GET, url=https://my-model-mlopsproj-one.s3.amazonaws.com/model.pkl, headers={'x-amz-checksum-mode': b'ENABLED', 'User-Agent': b'Boto3/1.42.93 md/Botocore#1.42.93 ua/2.1 os/windows#10 md/arch#amd64 lang/python#3.12.10 md/pyimpl#CPython m/e,D,b,Z cfg/retry-mode#legacy Botocore/1.42.93 Resource', 'X-Amz-Date': b'20260512T111131Z', 'X-Amz-Content-SHA256': b'e3b0c44298fc1c149afbf4c8996fb92427ae41e4649b934ca495991b7852b855', 'Authorization': b'AWS4-HMAC-SHA256 Credential=AKIA55GUVE36LINGC5RB/20260512/us-east-1/s3/aws4_request, SignedHeaders=host;x-amz-checksum-mode;x-amz-content-sha256;x-amz-date, Signature=a64e29eaeba02072f4e789ee51f04650867f68a490830f9204f62bca1dfeb722', 'amz-sdk-invocation-id': b'0e370942-eef8-453e-9e52-a759ed1d11b0', 'amz-sdk-request': b'attempt=1'}>
[ 2026-05-12 16:41:31,881 ] botocore.httpsession - DEBUG - Certificate path: D:\mlops\project\own\virt\Lib\site-packages\certifi\cacert.pem
[ 2026-05-12 16:41:32,443 ] urllib3.connectionpool - DEBUG - https://my-model-mlopsproj-one.s3.amazonaws.com:443 "GET /model.pkl HTTP/1.1" 200 9343394
[ 2026-05-12 16:41:32,443 ] botocore.httpchecksum - DEBUG - Skipping checksum validation. Response did not contain one of the following algorithms: ['crc32', 'sha1', 'sha256'].
[ 2026-05-12 16:41:32,444 ] botocore.hooks - DEBUG - Event before-parse.s3.GetObject: calling handler <function _handle_200_error at 0x0000022E90F92160>
[ 2026-05-12 16:41:32,444 ] botocore.hooks - DEBUG - Event before-parse.s3.GetObject: calling handler <function handle_expires_header at 0x0000022E90F91F80>
[ 2026-05-12 16:41:32,445 ] botocore.parsers - DEBUG - Response headers: {'x-amz-id-2': 's+fEqjyKHe+DoF5nY651od/3ydLB0Z34gIQanQyymJEC0F+I0FuciDEb0/I6qHe3riZjFGwjnww=', 'x-amz-request-id': 'J9GQH9ME7KSMT44N', 'Date': 'Tue, 12 May 2026 11:11:32 GMT', 'Last-Modified': 'Tue, 12 May 2026 10:44:37 GMT', 'ETag': '"fd1916d416772a83045ae4b2031b7c52-2"', 'x-amz-checksum-crc32': 'fH7Iag==-2', 'x-amz-checksum-type': 'COMPOSITE', 'x-amz-server-side-encryption': 'AES256', 'Accept-Ranges': 'bytes', 'Content-Type': 'binary/octet-stream', 'Content-Length': '9343394', 'Server': 'AmazonS3'}
[ 2026-05-12 16:41:32,445 ] botocore.parsers - DEBUG - Response body:
<botocore.response.StreamingBody object at 0x0000022EA71D7CD0>
[ 2026-05-12 16:41:32,448 ] botocore.hooks - DEBUG - Event needs-retry.s3.GetObject: calling handler <function _update_status_code at 0x0000022E90F92340>
[ 2026-05-12 16:41:32,448 ] botocore.hooks - DEBUG - Event needs-retry.s3.GetObject: calling handler <botocore.retryhandler.RetryHandler object at 0x0000022EA7153110>
[ 2026-05-12 16:41:32,448 ] botocore.retryhandler - DEBUG - No retry needed.
[ 2026-05-12 16:41:32,448 ] botocore.hooks - DEBUG - Event needs-retry.s3.GetObject: calling handler <bound method S3RegionRedirectorv2.redirect_from_error of <botocore.utils.S3RegionRedirectorv2 object at 0x0000022EA5540740>>
[ 2026-05-12 16:41:32,449 ] boto3.resources.action - DEBUG - Response: {'ResponseMetadata': {'RequestId': 'J9GQH9ME7KSMT44N', 'HostId': 's+fEqjyKHe+DoF5nY651od/3ydLB0Z34gIQanQyymJEC0F+I0FuciDEb0/I6qHe3riZjFGwjnww=', 'HTTPStatusCode': 200, 'HTTPHeaders': {'x-amz-id-2': 's+fEqjyKHe+DoF5nY651od/3ydLB0Z34gIQanQyymJEC0F+I0FuciDEb0/I6qHe3riZjFGwjnww=', 'x-amz-request-id': 'J9GQH9ME7KSMT44N', 'date': 'Tue, 12 May 2026 11:11:32 GMT', 'last-modified': 'Tue, 12 May 2026 10:44:37 GMT', 'etag': '"fd1916d416772a83045ae4b2031b7c52-2"', 'x-amz-checksum-crc32': 'fH7Iag==-2', 'x-amz-checksum-type': 'COMPOSITE', 'x-amz-server-side-encryption': 'AES256', 'accept-ranges': 'bytes', 'content-type': 'binary/octet-stream', 'content-length': '9343394', 'server': 'AmazonS3'}, 'RetryAttempts': 0}, 'AcceptRanges': 'bytes', 'LastModified': datetime.datetime(2026, 5, 12, 10, 44, 37, tzinfo=tzutc()), 'ContentLength': 9343394, 'ETag': '"fd1916d416772a83045ae4b2031b7c52-2"', 'ChecksumCRC32': 'fH7Iag==-2', 'ChecksumType': 'COMPOSITE', 'ContentType': 'binary/octet-stream', 'ServerSideEncryption': 'AES256', 'Metadata': {}, 'Body': <botocore.response.StreamingBody object at 0x0000022EA71D7CD0>}
[ 2026-05-12 16:41:47,888 ] root - INFO - Production model loaded from S3 bucket.
[ 2026-05-12 16:41:47,889 ] root - INFO - Starting prediction process.
[ 2026-05-12 16:41:47,912 ] root - INFO - Using the trained model to get predictions
